# JRE version: Java(TM) SE Runtime Environment (8.0_66-b17) (build 1.8.0_66-b17)
# Java VM: Java HotSpot(TM) 64-Bit Server VM (25.66-b17 mixed mode windows-amd64 compressed oops)
Heap:
 PSYoungGen      total 141312K, used 71416K [0x00000000eab80000, 0x00000000f8f80000, 0x0000000100000000)
  eden space 131072K, 50% used [0x00000000eab80000,0x00000000eeba4a10,0x00000000f2b80000)
  from space 10240K, 55% used [0x00000000f2b80000,0x00000000f3119728,0x00000000f3580000)
  to   space 9728K, 0% used [0x00000000f8600000,0x00000000f8600000,0x00000000f8f80000)
 ParOldGen       total 39424K, used 10153K [0x00000000c0200000, 0x00000000c2880000, 0x00000000eab80000)
  object space 39424K, 25% used [0x00000000c0200000,0x00000000c0bea578,0x00000000c2880000)
 Metaspace       used 27406K, capacity 27702K, committed 28032K, reserved 1073152K
  class space    used 3348K, capacity 3451K, committed 3456K, reserved 1048576K
GC Heap History (10 events):
Event: 4.847 GC heap before
{Heap before GC invocations=4 (full 0):
 PSYoungGen      total 35328K, used 35300K [0x00000000eab80000, 0x00000000ef080000, 0x0000000100000000)
  eden space 32768K, 100% used [0x00000000eab80000,0x00000000ecb80000,0x00000000ecb80000)
  from space 2560K, 98% used [0x00000000ecb80000,0x00000000ecdf9278,0x00000000ece00000)
  to   space 2560K, 0% used [0x00000000eee00000,0x00000000eee00000,0x00000000ef080000)
 ParOldGen       total 44032K, used 1400K [0x00000000c0200000, 0x00000000c2d00000, 0x00000000eab80000)
  object space 44032K, 3% used [0x00000000c0200000,0x00000000c035e288,0x00000000c2d00000)
 Metaspace       used 12996K, capacity 13136K, committed 13440K, reserved 1060864K
  class space    used 1550K, capacity 1589K, committed 1664K, reserved 1048576K
Event: 4.891 GC heap after
Heap after GC invocations=4 (full 0):
 PSYoungGen      total 68096K, used 2560K [0x00000000eab80000, 0x00000000ef080000, 0x0000000100000000)
  eden space 65536K, 0% used [0x00000000eab80000,0x00000000eab80000,0x00000000eeb80000)
  from space 2560K, 100% used [0x00000000eee00000,0x00000000ef080000,0x00000000ef080000)
  to   space 2560K, 0% used [0x00000000eeb80000,0x00000000eeb80000,0x00000000eee00000)
 ParOldGen       total 44032K, used 5384K [0x00000000c0200000, 0x00000000c2d00000, 0x00000000eab80000)
  object space 44032K, 12% used [0x00000000c0200000,0x00000000c07421f0,0x00000000c2d00000)
 Metaspace       used 12996K, capacity 13136K, committed 13440K, reserved 1060864K
  class space    used 1550K, capacity 1589K, committed 1664K, reserved 1048576K
}
Event: 7.444 GC heap before
{Heap before GC invocations=5 (full 0):
 PSYoungGen      total 68096K, used 68096K [0x00000000eab80000, 0x00000000ef080000, 0x0000000100000000)
  eden space 65536K, 100% used [0x00000000eab80000,0x00000000eeb80000,0x00000000eeb80000)
  from space 2560K, 100% used [0x00000000eee00000,0x00000000ef080000,0x00000000ef080000)
  to   space 2560K, 0% used [0x00000000eeb80000,0x00000000eeb80000,0x00000000eee00000)
 ParOldGen       total 44032K, used 5384K [0x00000000c0200000, 0x00000000c2d00000, 0x00000000eab80000)
  object space 44032K, 12% used [0x00000000c0200000,0x00000000c07421f0,0x00000000c2d00000)
 Metaspace       used 20646K, capacity 20866K, committed 21120K, reserved 1067008K
  class space    used 2471K, capacity 2563K, committed 2688K, reserved 1048576K
Event: 7.542 GC heap after
Heap after GC invocations=5 (full 0):
 PSYoungGen      total 68096K, used 2528K [0x00000000eab80000, 0x00000000f4080000, 0x0000000100000000)
  eden space 65536K, 0% used [0x00000000eab80000,0x00000000eab80000,0x00000000eeb80000)
  from space 2560K, 98% used [0x00000000eeb80000,0x00000000eedf8020,0x00000000eee00000)
  to   space 10752K, 0% used [0x00000000f3600000,0x00000000f3600000,0x00000000f4080000)
 ParOldGen       total 44032K, used 12421K [0x00000000c0200000, 0x00000000c2d00000, 0x00000000eab80000)
  object space 44032K, 28% used [0x00000000c0200000,0x00000000c0e21780,0x00000000c2d00000)
 Metaspace       used 20646K, capacity 20866K, committed 21120K, reserved 1067008K
  class space    used 2471K, capacity 2563K, committed 2688K, reserved 1048576K
}
Event: 7.807 GC heap before
{Heap before GC invocations=6 (full 0):
 PSYoungGen      total 68096K, used 12366K [0x00000000eab80000, 0x00000000f4080000, 0x0000000100000000)
  eden space 65536K, 15% used [0x00000000eab80000,0x00000000eb51b930,0x00000000eeb80000)
  from space 2560K, 98% used [0x00000000eeb80000,0x00000000eedf8020,0x00000000eee00000)
  to   space 10752K, 0% used [0x00000000f3600000,0x00000000f3600000,0x00000000f4080000)
 ParOldGen       total 44032K, used 12421K [0x00000000c0200000, 0x00000000c2d00000, 0x00000000eab80000)
  object space 44032K, 28% used [0x00000000c0200000,0x00000000c0e21780,0x00000000c2d00000)
 Metaspace       used 20832K, capacity 21064K, committed 21296K, reserved 1069056K
  class space    used 2484K, capacity 2564K, committed 2688K, reserved 1048576K
Event: 7.827 GC heap after
Heap after GC invocations=6 (full 0):
 PSYoungGen      total 140800K, used 3027K [0x00000000eab80000, 0x00000000f3f80000, 0x0000000100000000)
  eden space 131072K, 0% used [0x00000000eab80000,0x00000000eab80000,0x00000000f2b80000)
  from space 9728K, 31% used [0x00000000f3600000,0x00000000f38f4df0,0x00000000f3f80000)
  to   space 10240K, 0% used [0x00000000f2b80000,0x00000000f2b80000,0x00000000f3580000)
 ParOldGen       total 44032K, used 12421K [0x00000000c0200000, 0x00000000c2d00000, 0x00000000eab80000)
  object space 44032K, 28% used [0x00000000c0200000,0x00000000c0e21780,0x00000000c2d00000)
 Metaspace       used 20832K, capacity 21064K, committed 21296K, reserved 1069056K
  class space    used 2484K, capacity 2564K, committed 2688K, reserved 1048576K
}
Event: 7.827 GC heap before
{Heap before GC invocations=7 (full 1):
 PSYoungGen      total 140800K, used 3027K [0x00000000eab80000, 0x00000000f3f80000, 0x0000000100000000)
  eden space 131072K, 0% used [0x00000000eab80000,0x00000000eab80000,0x00000000f2b80000)
  from space 9728K, 31% used [0x00000000f3600000,0x00000000f38f4df0,0x00000000f3f80000)
  to   space 10240K, 0% used [0x00000000f2b80000,0x00000000f2b80000,0x00000000f3580000)
 ParOldGen       total 44032K, used 12421K [0x00000000c0200000, 0x00000000c2d00000, 0x00000000eab80000)
  object space 44032K, 28% used [0x00000000c0200000,0x00000000c0e21780,0x00000000c2d00000)
 Metaspace       used 20832K, capacity 21064K, committed 21296K, reserved 1069056K
  class space    used 2484K, capacity 2564K, committed 2688K, reserved 1048576K
Event: 8.063 GC heap after
Heap after GC invocations=7 (full 1):
 PSYoungGen      total 140800K, used 0K [0x00000000eab80000, 0x00000000f3f80000, 0x0000000100000000)
  eden space 131072K, 0% used [0x00000000eab80000,0x00000000eab80000,0x00000000f2b80000)
  from space 9728K, 0% used [0x00000000f3600000,0x00000000f3600000,0x00000000f3f80000)
  to   space 10240K, 0% used [0x00000000f2b80000,0x00000000f2b80000,0x00000000f3580000)
 ParOldGen       total 39424K, used 10153K [0x00000000c0200000, 0x00000000c2880000, 0x00000000eab80000)
  object space 39424K, 25% used [0x00000000c0200000,0x00000000c0bea578,0x00000000c2880000)
 Metaspace       used 20832K, capacity 21064K, committed 21296K, reserved 1069056K
  class space    used 2484K, capacity 2564K, committed 2688K, reserved 1048576K
}
Event: 11.814 GC heap before
{Heap before GC invocations=8 (full 1):
 PSYoungGen      total 140800K, used 131072K [0x00000000eab80000, 0x00000000f3f80000, 0x0000000100000000)
  eden space 131072K, 100% used [0x00000000eab80000,0x00000000f2b80000,0x00000000f2b80000)
  from space 9728K, 0% used [0x00000000f3600000,0x00000000f3600000,0x00000000f3f80000)
  to   space 10240K, 0% used [0x00000000f2b80000,0x00000000f2b80000,0x00000000f3580000)
 ParOldGen       total 39424K, used 10153K [0x00000000c0200000, 0x00000000c2880000, 0x00000000eab80000)
  object space 39424K, 25% used [0x00000000c0200000,0x00000000c0bea578,0x00000000c2880000)
 Metaspace       used 24132K, capacity 24468K, committed 24576K, reserved 1071104K
  class space    used 2911K, capacity 3024K, committed 3072K, reserved 1048576K
Event: 11.852 GC heap after
Heap after GC invocations=8 (full 1):
 PSYoungGen      total 141312K, used 5733K [0x00000000eab80000, 0x00000000f8f80000, 0x0000000100000000)
  eden space 131072K, 0% used [0x00000000eab80000,0x00000000eab80000,0x00000000f2b80000)
  from space 10240K, 55% used [0x00000000f2b80000,0x00000000f3119728,0x00000000f3580000)
  to   space 9728K, 0% used [0x00000000f8600000,0x00000000f8600000,0x00000000f8f80000)
 ParOldGen       total 39424K, used 10153K [0x00000000c0200000, 0x00000000c2880000, 0x00000000eab80000)
  object space 39424K, 25% used [0x00000000c0200000,0x00000000c0bea578,0x00000000c2880000)
 Metaspace       used 24132K, capacity 24468K, committed 24576K, reserved 1071104K
  class space    used 2911K, capacity 3024K, committed 3072K, reserved 1048576K
}

